<?xml version="1.0" encoding="UTF-8"?>
<!-- Generated by org.testng.reporters.JUnitReportReporter -->
<testsuite hostname="LAPTOP-H6MNQP0B" failures="0" tests="1" name="com.tests.TestLoginTC001" time="9.051" errors="0" timestamp="2023-05-12T12:10:06 IST" skipped="0">
  <testcase classname="com.tests.TestLoginTC001" name="testLoginFB" time="9.051"/>
  <system-out/>
</testsuite> <!-- com.tests.TestLoginTC001 -->
